info: ::1 - - [14/Mar/2023:18:30:41 +0000] "GET /api/v1/books/highToLow HTTP/1.1" 500 185 "-" "PostmanRuntime/7.31.1"

info: ::1 - - [14/Mar/2023:18:32:06 +0000] "GET /api/v1/books/highToLow HTTP/1.1" 500 185 "-" "PostmanRuntime/7.31.1"

info: ::1 - - [14/Mar/2023:18:32:35 +0000] "GET /api/v1/books/highToLow HTTP/1.1" 500 185 "-" "PostmanRuntime/7.31.1"

info: ::1 - - [14/Mar/2023:18:34:16 +0000] "GET /api/v1/books/highToLow HTTP/1.1" 500 185 "-" "PostmanRuntime/7.31.1"

info: ::1 - - [14/Mar/2023:18:34:42 +0000] "GET /api/v1/books/highToLow HTTP/1.1" 202 9277 "-" "PostmanRuntime/7.31.1"

info: ::1 - - [14/Mar/2023:18:35:00 +0000] "GET /api/v1/books/highToLow HTTP/1.1" 500 81 "-" "PostmanRuntime/7.31.1"

info: ::1 - - [14/Mar/2023:18:35:11 +0000] "GET /api/v1/books/highToLow HTTP/1.1" 202 9277 "-" "PostmanRuntime/7.31.1"

info: ::1 - - [14/Mar/2023:18:35:31 +0000] "GET /api/v1/books/highToLow HTTP/1.1" 202 9277 "-" "PostmanRuntime/7.31.1"

info: ::1 - - [14/Mar/2023:18:37:35 +0000] "GET /api/v1/books/lowToHigh HTTP/1.1" 202 9277 "-" "PostmanRuntime/7.31.1"

info: ::1 - - [14/Mar/2023:18:44:00 +0000] "POST /api/v1/carts/updateAddress HTTP/1.1" 500 136 "-" "PostmanRuntime/7.31.1"

info: ::1 - - [14/Mar/2023:18:44:37 +0000] "POST /api/v1/carts/updateAddress HTTP/1.1" 500 136 "-" "PostmanRuntime/7.31.1"

info: ::1 - - [14/Mar/2023:18:45:06 +0000] "POST /api/v1/carts/updateAddress HTTP/1.1" 500 136 "-" "PostmanRuntime/7.31.1"

info: ::1 - - [14/Mar/2023:18:45:37 +0000] "POST /api/v1/carts/updateAddress HTTP/1.1" 500 136 "-" "PostmanRuntime/7.31.1"

info: ::1 - - [14/Mar/2023:18:46:02 +0000] "POST /api/v1/carts/updateAddress/u/d HTTP/1.1" 400 66 "-" "PostmanRuntime/7.31.1"

info: ::1 - - [14/Mar/2023:18:47:37 +0000] "POST /api/v1/carts/updateAddress/u/d HTTP/1.1" 201 71 "-" "PostmanRuntime/7.31.1"

info: ::1 - - [14/Mar/2023:18:49:06 +0000] "POST /api/v1/carts/updateAddress/u/d HTTP/1.1" 400 141 "-" "PostmanRuntime/7.31.1"

info: ::1 - - [14/Mar/2023:18:50:37 +0000] "POST /api/v1/carts/updateAddress/u/d HTTP/1.1" 201 1331 "-" "PostmanRuntime/7.31.1"

info: ::1 - - [14/Mar/2023:18:51:56 +0000] "POST /api/v1/carts/updateAddress/u/d HTTP/1.1" 400 110 "-" "PostmanRuntime/7.31.1"

info: ::1 - - [14/Mar/2023:18:52:39 +0000] "POST /api/v1/carts/updateAddress/u/d HTTP/1.1" 400 92 "-" "PostmanRuntime/7.31.1"

info: ::1 - - [14/Mar/2023:18:53:22 +0000] "POST /api/v1/carts/updateAddress/u/d HTTP/1.1" 400 110 "-" "PostmanRuntime/7.31.1"

info: ::1 - - [14/Mar/2023:18:53:33 +0000] "POST /api/v1/carts/updateAddress/u/d HTTP/1.1" 201 1331 "-" "PostmanRuntime/7.31.1"

info: ::1 - - [14/Mar/2023:18:54:07 +0000] "POST /api/v1/carts/updateAddress/u/d HTTP/1.1" 201 1331 "-" "PostmanRuntime/7.31.1"

info: ::1 - - [14/Mar/2023:18:54:54 +0000] "POST /api/v1/carts/updateAddress/u/d HTTP/1.1" 201 1331 "-" "PostmanRuntime/7.31.1"

info: ::1 - - [14/Mar/2023:18:55:34 +0000] "POST /api/v1/carts/updateAddress/u/d HTTP/1.1" 201 1331 "-" "PostmanRuntime/7.31.1"

info: ::1 - - [14/Mar/2023:18:56:25 +0000] "POST /api/v1/carts/updateAddress/u/d HTTP/1.1" 201 1331 "-" "PostmanRuntime/7.31.1"

info: ::1 - - [14/Mar/2023:18:56:49 +0000] "POST /api/v1/carts/updateAddress/u/d HTTP/1.1" 201 1351 "-" "PostmanRuntime/7.31.1"

info: ::1 - - [14/Mar/2023:18:57:56 +0000] "POST /api/v1/carts/updateAddress/u/d HTTP/1.1" 201 1351 "-" "PostmanRuntime/7.31.1"

info: ::1 - - [14/Mar/2023:18:58:28 +0000] "POST /api/v1/carts/updateAddress/u/d HTTP/1.1" 201 1438 "-" "PostmanRuntime/7.31.1"

info: ::1 - - [14/Mar/2023:19:00:56 +0000] "POST /api/v1/carts/updateAddress HTTP/1.1" 201 1438 "-" "PostmanRuntime/7.31.1"

info: ::1 - - [14/Mar/2023:19:09:12 +0000] "GET /api/v1/books/search/data HTTP/1.1" 202 60 "-" "PostmanRuntime/7.31.1"

info: ::1 - - [14/Mar/2023:19:12:51 +0000] "GET /api/v1/books/search/data HTTP/1.1" 202 393 "-" "PostmanRuntime/7.31.1"

info: ::1 - - [14/Mar/2023:19:13:07 +0000] "GET /api/v1/books/search/Sherlock HTTP/1.1" 202 1341 "-" "PostmanRuntime/7.31.1"

info: ::1 - - [14/Mar/2023:19:13:25 +0000] "GET /api/v1/books/search/d HTTP/1.1" 202 3418 "-" "PostmanRuntime/7.31.1"

info: ::1 - - [14/Mar/2023:19:18:01 +0000] "GET /api/v1/books/search/equation HTTP/1.1" 202 350 "-" "PostmanRuntime/7.31.1"

info: ::1 - - [14/Mar/2023:19:18:11 +0000] "GET /api/v1/books/search/j HTTP/1.1" 202 942 "-" "PostmanRuntime/7.31.1"

info: ::1 - - [15/Mar/2023:05:16:40 +0000] "POST /api/v1/wishllist/621588af05253301a4fda5ce HTTP/1.1" 201 711 "-" "PostmanRuntime/7.31.1"

info: ::1 - - [15/Mar/2023:05:16:46 +0000] "POST /api/v1/wishllist/621588af05253301a4fda5ce HTTP/1.1" 201 711 "-" "PostmanRuntime/7.31.1"

info: ::1 - - [15/Mar/2023:05:16:50 +0000] "POST /api/v1/wishllist/621588af05253301a4fda5ce HTTP/1.1" 201 711 "-" "PostmanRuntime/7.31.1"

info: ::1 - - [15/Mar/2023:05:17:02 +0000] "POST /api/v1/wishllist/6214803b05253301a4fda584 HTTP/1.1" 201 1869 "-" "PostmanRuntime/7.31.1"

info: ::1 - - [15/Mar/2023:05:17:09 +0000] "PUT /api/v1/wishllist/6214803b05253301a4fda584 HTTP/1.1" 201 720 "-" "PostmanRuntime/7.31.1"

info: ::1 - - [15/Mar/2023:05:18:56 +0000] "POST /api/v1/purchase/6214803b05253301a4fda584 HTTP/1.1" 404 47 "-" "PostmanRuntime/7.31.1"

info: ::1 - - [15/Mar/2023:05:20:47 +0000] "POST /api/v1/purchase/640eb384e645c901bd078d08 HTTP/1.1" 404 47 "-" "PostmanRuntime/7.31.1"

info: ::1 - - [15/Mar/2023:05:21:05 +0000] "POST /api/v1/cart/purchase/640eb384e645c901bd078d08 HTTP/1.1" 404 47 "-" "PostmanRuntime/7.31.1"

info: ::1 - - [15/Mar/2023:05:21:18 +0000] "POST /api/v1/carts/purchase/640eb384e645c901bd078d08 HTTP/1.1" 201 378 "-" "PostmanRuntime/7.31.1"

info: ::1 - - [15/Mar/2023:05:21:26 +0000] "POST /api/v1/carts/purchase/640eb384e645c901bd078d08 HTTP/1.1" 201 377 "-" "PostmanRuntime/7.31.1"

info: ::1 - - [15/Mar/2023:05:21:27 +0000] "POST /api/v1/carts/purchase/640eb384e645c901bd078d08 HTTP/1.1" 201 377 "-" "PostmanRuntime/7.31.1"

info: ::1 - - [15/Mar/2023:05:22:25 +0000] "POST /api/v1/books/highToLow HTTP/1.1" 404 47 "-" "PostmanRuntime/7.31.1"

info: ::1 - - [15/Mar/2023:05:22:32 +0000] "GET /api/v1/books/highToLow HTTP/1.1" 202 9272 "-" "PostmanRuntime/7.31.1"

info: ::1 - - [15/Mar/2023:05:22:48 +0000] "GET /api/v1/books/lowToHigh HTTP/1.1" 202 9272 "-" "PostmanRuntime/7.31.1"

info: ::1 - - [15/Mar/2023:05:23:11 +0000] "GET /api/v1/books//search/d HTTP/1.1" 202 6237 "-" "PostmanRuntime/7.31.1"

info: ::1 - - [15/Mar/2023:05:23:22 +0000] "GET /api/v1/books//search/Sherlock HTTP/1.1" 202 1340 "-" "PostmanRuntime/7.31.1"

info: ::1 - - [15/Mar/2023:05:23:33 +0000] "GET /api/v1/books//search/visually HTTP/1.1" 202 1340 "-" "PostmanRuntime/7.31.1"

info: ::1 - - [15/Mar/2023:05:23:39 +0000] "GET /api/v1/books//search/comprehensive HTTP/1.1" 202 1674 "-" "PostmanRuntime/7.31.1"

